0 verbose cli C:\Program Files\nodejs\node.exe C:\Program Files\nodejs\node_modules\npm\bin\npm-cli.js
1 info using npm@9.8.1
2 info using node@v18.18.1
3 timing npm:load:whichnode Completed in 4ms
4 timing config:load:defaults Completed in 7ms
5 timing config:load:file:C:\Program Files\nodejs\node_modules\npm\npmrc Completed in 4ms
6 timing config:load:builtin Completed in 4ms
7 timing config:load:cli Completed in 4ms
8 timing config:load:env Completed in 1ms
9 timing config:load:file:c:\Users\sohar\OneDrive\Desktop\doodlepad\doodlepad\packages\common\.npmrc Completed in 0ms
10 timing config:load:project Completed in 5ms
11 timing config:load:file:C:\Users\sohar\.npmrc Completed in 1ms
12 timing config:load:user Completed in 1ms
13 timing config:load:file:C:\Users\sohar\AppData\Roaming\npm\etc\npmrc Completed in 0ms
14 timing config:load:global Completed in 1ms
15 timing config:load:setEnvs Completed in 1ms
16 timing config:load Completed in 24ms
17 timing npm:load:configload Completed in 24ms
18 timing config:load:flatten Completed in 5ms
19 timing npm:load:mkdirpcache Completed in 0ms
20 timing npm:load:mkdirplogs Completed in 0ms
21 verbose title npm view @repo/typescript-config description dist-tags.latest homepage version time
22 verbose argv "view" "--json" "--" "@repo/typescript-config" "description" "dist-tags.latest" "homepage" "version" "time"
23 timing npm:load:setTitle Completed in 3ms
24 timing npm:load:display Completed in 1ms
25 verbose logfile logs-max:10 dir:c:\Users\sohar\OneDrive\Desktop\doodlepad\doodlepad\packages\common\clear\_logs\2025-06-24T15_03_11_534Z-
26 verbose logfile c:\Users\sohar\OneDrive\Desktop\doodlepad\doodlepad\packages\common\clear\_logs\2025-06-24T15_03_11_534Z-debug-0.log
27 timing npm:load:logFile Completed in 20ms
28 timing npm:load:timers Completed in 0ms
29 timing npm:load:configScope Completed in 0ms
30 timing npm:load Completed in 112ms
31 silly logfile start cleaning logs, removing 2 files
32 silly logfile done cleaning log files
33 http fetch GET 404 https://registry.npmjs.org/@repo%2Ftypescript-config 1572ms (cache skip)
34 timing command:view Completed in 1582ms
35 verbose stack HttpErrorGeneral: 404 Not Found - GET https://registry.npmjs.org/@repo%2Ftypescript-config - Not found
35 verbose stack     at C:\Program Files\nodejs\node_modules\npm\node_modules\npm-registry-fetch\lib\check-response.js:95:15
35 verbose stack     at process.processTicksAndRejections (node:internal/process/task_queues:95:5)
35 verbose stack     at async RegistryFetcher.packument (C:\Program Files\nodejs\node_modules\npm\node_modules\pacote\lib\registry.js:87:19)
35 verbose stack     at async View.getData (C:\Program Files\nodejs\node_modules\npm\lib\commands\view.js:197:20)
35 verbose stack     at async View.exec (C:\Program Files\nodejs\node_modules\npm\lib\commands\view.js:105:28)
35 verbose stack     at async module.exports (C:\Program Files\nodejs\node_modules\npm\lib\cli-entry.js:61:5)
36 verbose statusCode 404
37 verbose pkgid @repo/typescript-config@*
38 verbose cwd c:\Users\sohar\OneDrive\Desktop\doodlepad\doodlepad\packages\common
39 verbose Windows_NT 10.0.26100
40 verbose node v18.18.1
41 verbose npm  v9.8.1
42 error code E404
43 error 404 Not Found - GET https://registry.npmjs.org/@repo%2Ftypescript-config - Not found
44 error 404
45 error 404  '@repo/typescript-config@*' is not in this registry.
46 error 404
46 error 404 Note that you can also install from a
47 error 404 tarball, folder, http url, or git url.
48 verbose exit 1
49 timing npm Completed in 2204ms
50 verbose code 1
51 error A complete log of this run can be found in: c:\Users\sohar\OneDrive\Desktop\doodlepad\doodlepad\packages\common\clear\_logs\2025-06-24T15_03_11_534Z-debug-0.log
